Determining if the pthread_create exist failed with the following output:
Change Dir: /home/genji/Desktop/ros_stuff/tutorials/catkin_ws/build/CMakeFiles/CMakeTmp

Run Build Command:/usr/bin/make "cmTryCompileExec666182120/fast"
/usr/bin/make -f CMakeFiles/cmTryCompileExec666182120.dir/build.make CMakeFiles/cmTryCompileExec666182120.dir/build
make[1]: Entering directory `/home/genji/Desktop/ros_stuff/tutorials/catkin_ws/build/CMakeFiles/CMakeTmp'
/usr/bin/cmake -E cmake_progress_report /home/genji/Desktop/ros_stuff/tutorials/catkin_ws/build/CMakeFiles/CMakeTmp/CMakeFiles 1
Building C object CMakeFiles/cmTryCompileExec666182120.dir/CheckSymbolExists.c.o
/usr/bin/cc    -o CMakeFiles/cmTryCompileExec666182120.dir/CheckSymbolExists.c.o   -c /home/genji/Desktop/ros_stuff/tutorials/catkin_ws/build/CMakeFiles/CMakeTmp/CheckSymbolExists.c
Linking C executable cmTryCompileExec666182120
/usr/bin/cmake -E cmake_link_script CMakeFiles/cmTryCompileExec666182120.dir/link.txt --verbose=1
/usr/bin/cc       CMakeFiles/cmTryCompileExec666182120.dir/CheckSymbolExists.c.o  -o cmTryCompileExec666182120 -rdynamic 
CMakeFiles/cmTryCompileExec666182120.dir/CheckSymbolExists.c.o: In function `main':
CheckSymbolExists.c:(.text+0x16): undefined reference to `pthread_create'
collect2: error: ld returned 1 exit status
make[1]: *** [cmTryCompileExec666182120] Error 1
make[1]: Leaving directory `/home/genji/Desktop/ros_stuff/tutorials/catkin_ws/build/CMakeFiles/CMakeTmp'
make: *** [cmTryCompileExec666182120/fast] Error 2

File /home/genji/Desktop/ros_stuff/tutorials/catkin_ws/build/CMakeFiles/CMakeTmp/CheckSymbolExists.c:
/* */
#include <pthread.h>

int main(int argc, char** argv)
{
  (void)argv;
#ifndef pthread_create
  return ((int*)(&pthread_create))[argc];
#else
  (void)argc;
  return 0;
#endif
}

Determining if the function pthread_create exists in the pthreads failed with the following output:
Change Dir: /home/genji/Desktop/ros_stuff/tutorials/catkin_ws/build/CMakeFiles/CMakeTmp

Run Build Command:/usr/bin/make "cmTryCompileExec573950260/fast"
/usr/bin/make -f CMakeFiles/cmTryCompileExec573950260.dir/build.make CMakeFiles/cmTryCompileExec573950260.dir/build
make[1]: Entering directory `/home/genji/Desktop/ros_stuff/tutorials/catkin_ws/build/CMakeFiles/CMakeTmp'
/usr/bin/cmake -E cmake_progress_report /home/genji/Desktop/ros_stuff/tutorials/catkin_ws/build/CMakeFiles/CMakeTmp/CMakeFiles 1
Building C object CMakeFiles/cmTryCompileExec573950260.dir/CheckFunctionExists.c.o
/usr/bin/cc   -DCHECK_FUNCTION_EXISTS=pthread_create   -o CMakeFiles/cmTryCompileExec573950260.dir/CheckFunctionExists.c.o   -c /usr/share/cmake-2.8/Modules/CheckFunctionExists.c
Linking C executable cmTryCompileExec573950260
/usr/bin/cmake -E cmake_link_script CMakeFiles/cmTryCompileExec573950260.dir/link.txt --verbose=1
/usr/bin/cc   -DCHECK_FUNCTION_EXISTS=pthread_create    CMakeFiles/cmTryCompileExec573950260.dir/CheckFunctionExists.c.o  -o cmTryCompileExec573950260 -rdynamic -lpthreads 
/usr/bin/ld: cannot find -lpthreads
collect2: error: ld returned 1 exit status
make[1]: Leaving directory `/home/genji/Desktop/ros_stuff/tutorials/catkin_ws/build/CMakeFiles/CMakeTmp'
make[1]: *** [cmTryCompileExec573950260] Error 1
make: *** [cmTryCompileExec573950260/fast] Error 2


